This is pdfTeX, Version 3.14159265-2.6-1.40.19 (TeX Live 2019/dev/Debian) (preloaded format=latex 2019.7.2)  10 JUL 2019 17:08
entering extended mode
 restricted \write18 enabled.
 %&-line parsing enabled.
**\makeatletter\def\HCode{\futurelet\HCode\HChar}\def\HChar{\ifx"\HCode\def\HCo
de"##1"{\Link##1}\expandafter\HCode\else\expandafter\Link\fi}\def\Link#1.a.b.c.
{\g@addto@macro\@documentclasshook{\RequirePackage[#1,html]{tex4ht}}\let\HCode\
documentstyle\def\documentstyle{\let\documentstyle\HCode\expandafter\def\csname
 tex4ht\endcsname{#1,html}\def\HCode####1{\documentstyle[tex4ht,}\@ifnextchar[{
\HCode}{\documentstyle[tex4ht]}}}\makeatother\HCode .a.b.c.\input  Readme.tex
(./Readme.tex (/usr/share/texlive/texmf-dist/tex/latex/base/article.cls
Document Class: article 2018/09/03 v1.4i Standard LaTeX document class
(/usr/share/texlive/texmf-dist/tex/latex/base/size10.clo
File: size10.clo 2018/09/03 v1.4i Standard LaTeX file (size option)
)
\c@part=\count80
\c@section=\count81
\c@subsection=\count82
\c@subsubsection=\count83
\c@paragraph=\count84
\c@subparagraph=\count85
\c@figure=\count86
\c@table=\count87
\abovecaptionskip=\skip41
\belowcaptionskip=\skip42
\bibindent=\dimen102
)
(/usr/share/texlive/texmf-dist/tex/generic/tex4ht/tex4ht.sty
version 2018-06-12-16:01
Package: tex4ht 
--------------------------------------
--- Note --- for _ at preamble, use the command line option `early_'
--------------------------------------
--------------------------------------
--- Note --- for ^ at preamble, use the command line option `early^'
--------------------------------------
\tmp:toks=\toks14
)
(/usr/share/texlive/texmf-dist/tex/generic/tex4ht/usepackage.4ht
version 2019-01-12-14:56
)
(/usr/share/texlive/texmf-dist/tex/latex/base/inputenc.sty
Package: inputenc 2018/08/11 v1.3c Input encoding file
\inpenc@prehook=\toks15
\inpenc@posthook=\toks16
)
(/usr/share/texlive/texmf-dist/tex/latex/amsmath/amsmath.sty
Package: amsmath 2018/12/01 v2.17b AMS math features
\@mathmargin=\skip43

For additional information on amsmath, use the `?' option.
(/usr/share/texlive/texmf-dist/tex/latex/amsmath/amstext.sty
Package: amstext 2000/06/29 v2.01 AMS text

(/usr/share/texlive/texmf-dist/tex/latex/amsmath/amsgen.sty
File: amsgen.sty 1999/11/30 v2.0 generic functions
\@emptytoks=\toks17
\ex@=\dimen103
))
(/usr/share/texlive/texmf-dist/tex/latex/amsmath/amsbsy.sty
Package: amsbsy 1999/11/29 v1.2d Bold Symbols
\pmbraise@=\dimen104
)
(/usr/share/texlive/texmf-dist/tex/latex/amsmath/amsopn.sty
Package: amsopn 2016/03/08 v2.02 operator names
)
\inf@bad=\count88
LaTeX Info: Redefining \frac on input line 223.
\uproot@=\count89
\leftroot@=\count90
LaTeX Info: Redefining \overline on input line 385.
\classnum@=\count91
\DOTSCASE@=\count92
LaTeX Info: Redefining \ldots on input line 482.
LaTeX Info: Redefining \dots on input line 485.
LaTeX Info: Redefining \cdots on input line 606.
\Mathstrutbox@=\box27
\strutbox@=\box28
\big@size=\dimen105
LaTeX Font Info:    Redeclaring font encoding OML on input line 729.
LaTeX Font Info:    Redeclaring font encoding OMS on input line 730.
\macc@depth=\count93
\c@MaxMatrixCols=\count94
\dotsspace@=\muskip10
\c@parentequation=\count95
\dspbrk@lvl=\count96
\tag@help=\toks18
\row@=\count97
\column@=\count98
\maxfields@=\count99
\andhelp@=\toks19
\eqnshift@=\dimen106
\alignsep@=\dimen107
\tagshift@=\dimen108
\tagwidth@=\dimen109
\totwidth@=\dimen110
\lineht@=\dimen111
\@envbody=\toks20
\multlinegap=\skip44
\multlinetaggap=\skip45
\mathdisplay@stack=\toks21
LaTeX Info: Redefining \[ on input line 2844.
LaTeX Info: Redefining \] on input line 2845.
)
(/usr/share/texlive/texmf-dist/tex/latex/amsfonts/amsfonts.sty
Package: amsfonts 2013/01/14 v3.01 Basic AMSFonts support
\symAMSa=\mathgroup4
\symAMSb=\mathgroup5
LaTeX Font Info:    Overwriting math alphabet `\mathfrak' in version `bold'
(Font)                  U/euf/m/n --> U/euf/b/n on input line 106.
)
(/usr/share/texlive/texmf-dist/tex/latex/amsfonts/amssymb.sty
Package: amssymb 2013/01/14 v3.01 AMS font symbols
)
(/usr/share/texlive/texmf-dist/tex/generic/tex4ht/tex4ht.4ht
version 2018-12-30-09:29
--------------------------------------
--- Note --- for additional information, use the command line option `info'
--------------------------------------

::::::::::::::::::::::::::::::::::::::::::
 TeX4ht info is available in the log file 
::::::::::::::::::::::::::::::::::::::::::
) (/usr/share/texlive/texmf-dist/tex/generic/tex4ht/tex4ht.sty
version 2018-06-12-16:01

--- needs --- tex4ht Readme ---
\tmp:cnt=\count100
\openout15 = `Readme.tmp'.

(./Readme.tmp)
\tmp:dim=\skip46
--------------------------------------
--- Note --- for XML code, use the command line option `xml' or `xhtml'
--------------------------------------
 (./Readme.xref)
\:refout=\write3
\openout3 = `Readme.xref'.


(/usr/share/texlive/texmf-dist/tex/generic/tex4ht/html4.4ht
version 2019-01-30-15:45
--------------------------------------
--- Note --- to remove the <?xml version=...?> processing instruction use the c
ommand line option `no-VERSION'
--------------------------------------
--------------------------------------
--- Note --- to remove the DOCTYPE declaration use the command line option `no-
DOCTYPE'
--------------------------------------
)
(/usr/share/texlive/texmf-dist/tex/generic/tex4ht/html4-math.4ht
version 2018-12-05-18:11
)
--------------------------------------
--- Note --- for marking of the base font, use the command line option `fonts+'

--------------------------------------
--------------------------------------
--- Note --- for non active _, use the command line option `no_'
--------------------------------------
--------------------------------------
--- Note --- for _ of catcode 13, use the command line option `_13'
--------------------------------------
--------------------------------------
--- Note --- for non active ^, use the command line option `no^'
--------------------------------------
--------------------------------------
--- Note --- for ^ of catcode 13, use the command line option `^13'
--------------------------------------

(/usr/share/texlive/texmf-dist/tex/generic/tex4ht/html4.4ht
version 2019-01-30-15:45
--------------------------------------
--- Note --- for alternative charset, use the command line option `charset=...'

--------------------------------------
--------------------------------------
--- Note --- to ignore CSS font decoration, use the `NoFonts' command line opti
on
--------------------------------------
--------------------------------------
--- Note --- for jpg bitmaps of pictures, use the `jpg' command line option. (C
haracter bitmaps are controled only by `g' records of tex4ht.env and `-g' switc
hes of tex4ht.c) 
--------------------------------------
--------------------------------------
--- Note --- for gif bitmaps of pictures, use the `gif' command line option. (C
haracter bitmaps are controled only by `g' records of tex4ht.env and `-g' switc
hes of tex4ht.c) 
--------------------------------------
--------------------------------------
--- Note --- for content and toc in 2 frames, use the command line option `fram
es'
--------------------------------------
--------------------------------------
--- Note --- for content, toc, and footnotes in 3 frames, use the command line 
option `frames-fn'
--------------------------------------
--------------------------------------
--- Note --- for file extension name xht, use the command line option `xht'
--------------------------------------
TeX4ht package options: html
--------------------------------------
--- Note --- To print a timestamp, use the command line option timestamp
--------------------------------------
--------------------------------------
--- Note --- to ignore CSS code, use the command line option `-css
--------------------------------------
--------------------------------------
--- Note --- for inline CSS code, use the command line option `css-in'
--------------------------------------
--------------------------------------
--- Note --- for pop ups on mouse over, use the command line option `mouseover'

--------------------------------------
--------------------------------------
--- Note --- for addressing images in a subdirectory, use the command line opti
on `imgdir:.../'
--------------------------------------
)
(/usr/share/texlive/texmf-dist/tex/generic/tex4ht/html4-math.4ht
version 2018-12-05-18:11
)
\:tokwrite=\toks22
\:tokpage=\toks23
--------------------------------------
--- Note --- for back links to toc, use the command line option `sections+'
--------------------------------------
--------------------------------------
--- Note --- for linear crosslinks of pages, use the command line option `next'

--------------------------------------
\openout15 = `Readme.4ct'.

\:tocout=\write4
\openout4 = `Readme.4tc'.


(/usr/share/texlive/texmf-dist/tex/generic/tex4ht/html4.4ht
version 2019-01-30-15:45
)
(/usr/share/texlive/texmf-dist/tex/generic/tex4ht/html4-math.4ht
version 2018-12-05-18:11
)
(/usr/share/texlive/texmf-dist/tex/generic/tex4ht/latex.4ht
version 2018-12-05-15:46
LaTeX Info: Redefining \_ on input line 168.
--------------------------------------
--- Note --- for links into captions, instead of float heads, use the command l
ine option `refcaption'
--------------------------------------

(/usr/share/texlive/texmf-dist/tex/generic/tex4ht/html4.4ht
version 2019-01-30-15:45
)
(/usr/share/texlive/texmf-dist/tex/generic/tex4ht/html4-math.4ht
version 2018-12-05-18:11
)
(/usr/share/texlive/texmf-dist/tex/generic/tex4ht/html4.4ht
version 2019-01-30-15:45
--------------------------------------
--- Note --- For mini tocs immediately aftter the header use the command line o
ption `minitoc<'
--------------------------------------
--------------------------------------
--- Note --- for enumerated list elements with valued data, use the command lin
e option `enumerate+'
--------------------------------------
--------------------------------------
--- Note --- for enumerated list elements li's with value attributes, use the c
ommand line option `enumerate-'
--------------------------------------
--------------------------------------
--- Note --- for CSS2 code, use the command line option `css2'
--------------------------------------
--------------------------------------
--- Note --- for pictorial tabular, use the command line option `pic-tabular'
--------------------------------------
--------------------------------------
--- Note --- for bitmap fbox'es, use the command line option `pic-fbox'
--------------------------------------
--------------------------------------
--- Note --- for bitmap framebox'es, use the command line option `pic-framebox'

--------------------------------------
--------------------------------------
--- Note --- for inline footnotes use command line option `fn-in'
--------------------------------------
--------------------------------------
--- Note --- for tracing of latex font commands, use the command line option `f
onts'
--------------------------------------
--------------------------------------
--- Note --- for width specifications of tabular p entries, use the `p-width' c
ommand line option or a configuration similar to \Configure{HColWidth}{\HCode{ 
style="width:\HColWidth"}}
--------------------------------------
)
(/usr/share/texlive/texmf-dist/tex/generic/tex4ht/html4-math.4ht
version 2018-12-05-18:11
--------------------------------------
--- Note --- for pictorial eqnarray, use the command line option `pic-eqnarray'

--------------------------------------
--------------------------------------
--- Note --- for pictorial array, use the command line option `pic-array'
--------------------------------------
--------------------------------------
--- Note --- for pictorial $...$ environments, use the command line option `pic
-m' (not recommended!!)
--------------------------------------
--------------------------------------
--- Note --- for pictorial $...$ and $$...$$ environments with latex alt, use t
he command line option `pic-m+' (not safe!!)
--------------------------------------
--------------------------------------
--- Note --- for pictorial array, use the command line option `pic-array'
--------------------------------------
))
(/usr/share/texlive/texmf-dist/tex/generic/tex4ht/fontmath.4ht
version 2018-11-06-15:55

(/usr/share/texlive/texmf-dist/tex/generic/tex4ht/html4.4ht
version 2019-01-30-15:45
)
(/usr/share/texlive/texmf-dist/tex/generic/tex4ht/html4-math.4ht
version 2018-12-05-18:11
))
(/usr/share/texlive/texmf-dist/tex/generic/tex4ht/article.4ht
(/usr/share/texlive/texmf-dist/tex/generic/tex4ht/html4.4ht
version 2019-01-30-15:45
--------------------------------------
--- Note --- for automatic sectioning pagination, use the command line option `
1', `2', `3', '4', '5', '6', or '7'
--------------------------------------
--------------------------------------
--- Note --- for files named derived from section titles, use the command line 
option `sec-filename'
--------------------------------------
--------------------------------------
--- Note --- for i-columns index, use the command line option `index=i' (e.g., 
index=2)
--------------------------------------
)
(/usr/share/texlive/texmf-dist/tex/generic/tex4ht/html4-math.4ht
version 2018-12-05-18:11
))
(/usr/share/texlive/texmf-dist/tex/generic/tex4ht/inputenc.4ht
version 2009-05-21-09:32

(/usr/share/texlive/texmf-dist/tex/generic/tex4ht/html4.4ht
version 2019-01-30-15:45
)
(/usr/share/texlive/texmf-dist/tex/generic/tex4ht/html4-math.4ht
version 2018-12-05-18:11
))
(/usr/share/texlive/texmf-dist/tex/generic/tex4ht/amsmath.4ht
version 2019-01-24-14:21
\tmp:muskip=\muskip11

(/usr/share/texlive/texmf-dist/tex/generic/tex4ht/html4.4ht
version 2019-01-30-15:45
)
(/usr/share/texlive/texmf-dist/tex/generic/tex4ht/html4-math.4ht
version 2018-12-05-18:11
))
(/usr/share/texlive/texmf-dist/tex/generic/tex4ht/amstext.4ht
version 2009-05-21-09:32

(/usr/share/texlive/texmf-dist/tex/generic/tex4ht/html4.4ht
version 2019-01-30-15:45
)
(/usr/share/texlive/texmf-dist/tex/generic/tex4ht/html4-math.4ht
version 2018-12-05-18:11
))
(/usr/share/texlive/texmf-dist/tex/generic/tex4ht/amsbsy.4ht
version 2009-05-21-09:32

(/usr/share/texlive/texmf-dist/tex/generic/tex4ht/html4.4ht
version 2019-01-30-15:45
)
(/usr/share/texlive/texmf-dist/tex/generic/tex4ht/html4-math.4ht
version 2018-12-05-18:11
))
(/usr/share/texlive/texmf-dist/tex/generic/tex4ht/amsopn.4ht
version 2009-05-21-09:32

(/usr/share/texlive/texmf-dist/tex/generic/tex4ht/html4.4ht
version 2019-01-30-15:45
)
(/usr/share/texlive/texmf-dist/tex/generic/tex4ht/html4-math.4ht
version 2018-12-05-18:11
))
(/usr/share/texlive/texmf-dist/tex/generic/tex4ht/amsfonts.4ht
version 2009-05-21-09:32

(/usr/share/texlive/texmf-dist/tex/generic/tex4ht/html4.4ht
version 2019-01-30-15:45
)
(/usr/share/texlive/texmf-dist/tex/generic/tex4ht/html4-math.4ht
version 2018-12-05-18:11
))
(/usr/share/texlive/texmf-dist/tex/generic/tex4ht/amssymb.4ht
version 2009-05-21-09:32

(/usr/share/texlive/texmf-dist/tex/generic/tex4ht/html4.4ht
version 2019-01-30-15:45
)
(/usr/share/texlive/texmf-dist/tex/generic/tex4ht/html4-math.4ht
version 2018-12-05-18:11
))
(/usr/share/texlive/texmf-dist/tex/generic/tex4ht/html4.4ht
version 2019-01-30-15:45
)
(/usr/share/texlive/texmf-dist/tex/generic/tex4ht/html4-math.4ht
version 2018-12-05-18:11
))
(./Readme.aux)
\openout1 = `Readme.aux'.

LaTeX Font Info:    Checking defaults for OML/cmm/m/it on input line 7.
LaTeX Font Info:    ... okay on input line 7.
LaTeX Font Info:    Checking defaults for T1/cmr/m/n on input line 7.
LaTeX Font Info:    ... okay on input line 7.
LaTeX Font Info:    Checking defaults for OT1/cmr/m/n on input line 7.
LaTeX Font Info:    ... okay on input line 7.
LaTeX Font Info:    Checking defaults for OMS/cmsy/m/n on input line 7.
LaTeX Font Info:    ... okay on input line 7.
LaTeX Font Info:    Checking defaults for OMX/cmex/m/n on input line 7.
LaTeX Font Info:    ... okay on input line 7.
LaTeX Font Info:    Checking defaults for U/cmr/m/n on input line 7.
LaTeX Font Info:    ... okay on input line 7.
--- file Readme.css ---
 [1

] [2]
LaTeX Font Info:    Try loading font information for U+msa on input line 12.

(/usr/share/texlive/texmf-dist/tex/latex/amsfonts/umsa.fd
File: umsa.fd 2013/01/14 v3.01 AMS symbols A
)
LaTeX Font Info:    Try loading font information for U+msb on input line 12.

(/usr/share/texlive/texmf-dist/tex/latex/amsfonts/umsb.fd
File: umsb.fd 2013/01/14 v3.01 AMS symbols B
)
l. 18 Writing Readme.idv[1] (Readme0x.png)
l. 22 Writing Readme.idv[2] (Readme1x.png)
l. 26 Writing Readme.idv[3] (Readme2x.png)
 [3]
l. 28 Writing Readme.idv[4] (Readme3x.png)
l. 31 Writing Readme.idv[5] (Readme4x.png)
l. 35 Writing Readme.idv[6] (Readme5x.png)
 [4]
l. 37 Writing Readme.idv[7] (Readme6x.png)
l. 37 Writing Readme.idv[8] (Readme7x.png)
l. 39 Writing Readme.idv[9] (Readme8x.png)
l. 41 Writing Readme.idv[10] (Readme9x.png)
l. 45 Writing Readme.idv[11] (Readme10x.png)
 [5]
l. 47 Writing Readme.idv[12] (Readme11x.png)
l. 51 Writing Readme.idv[13] (Readme12x.png)
l. 55 Writing Readme.idv[14] (Readme13x.png)
 [6]
l. 57 Writing Readme.idv[15] (Readme14x.png)
l. 59 Writing Readme.idv[16] (Readme15x.png)
l. 61 Writing Readme.idv[17] (Readme16x.png)
l. 63 Writing Readme.idv[18] (Readme17x.png)
l. 65 Writing Readme.idv[19] (Readme18x.png)

[7]
l. 67 Writing Readme.idv[20] (Readme19x.png)
l. 85 Writing Readme.idv[21] (Readme20x.png)
l. 90 Writing Readme.idv[22] (Readme21x.png)
 [8] [9] (./Readme.aux) ) 
Here is how much of TeX's memory you used:
 4917 strings out of 492616
 55007 string characters out of 6131417
 253906 words of memory out of 5000000
 8765 multiletter control sequences out of 15000+600000
 10283 words of font info for 41 fonts, out of 8000000 for 9000
 1141 hyphenation exceptions out of 8191
 30i,11n,28p,759b,520s stack positions out of 5000i,500n,10000p,200000b,80000s

Output written on Readme.dvi (9 pages, 23672 bytes).
